python : INFO:     Started 
server process [44704]
At line:1 char:1
+ python main.py > 
hub_restart.log 2>&1
+ ~~~~~~~~~~~~~~~~~~~~~~~~~
~~~~~~~~~~~~
    + CategoryInfo         
     : NotSpecifi    ed: 
(INFO:     Sta    rted 
server proces    s 
[44704]:String)     [], 
RemoteExceptio    n
    + FullyQualifiedEr    
rorId : NativeComm    
andError
 
INFO:     Waiting for 
application startup.
INFO:     Application 
startup complete.
INFO:     Uvicorn running 
on http://0.0.0.0:8080 
(Press CTRL+C to quit)
